=== D.21 rank-32 LoRA: CD4+T × loco_onek1k × seed 2 ===
[cli] fold=loco_onek1k train=['stephenson', 'terekhova'] holdout=onek1k h5ad=data/cohorts/integrated/CD4p_T.h5ad
[cli] train cells=9500 donors=190
[cli] eval cells=19620 donors=981
[cli] head bias init (= mean train age per-cell): 48.93
[cli] building model + LoRA…
Loading weights:   0%|          | 0/197 [00:00<?, ?it/s]Loading weights: 100%|██████████| 197/197 [00:00<00:00, 3379.53it/s]
[transformers] [1mBertModel LOAD REPORT[0m from: save/Geneformer/Geneformer-V2-104M
Key                                        | Status     |  | 
-------------------------------------------+------------+--+-
cls.predictions.bias                       | UNEXPECTED |  | 
cls.predictions.transform.LayerNorm.weight | UNEXPECTED |  | 
cls.predictions.transform.dense.bias       | UNEXPECTED |  | 
cls.predictions.transform.LayerNorm.bias   | UNEXPECTED |  | 
cls.predictions.transform.dense.weight     | UNEXPECTED |  | 

Notes:
- UNEXPECTED:	can be ignored when loading from different task/architecture; not ok if you expect identical arch.
[cli] params: {'total_params': 108493825, 'trainable_params': 4719361, 'trainable_pct': 4.3499}
[transformers] `use_cache=True` is incompatible with gradient checkpointing. Setting `use_cache=False`.
[cli] done. mae=17.515 r=0.436 wall=5998.6s
--- stephenson × CD4+ T × loco_onek1k_CD4pT_e5b_r32_seed2_alllayers ---
[extract-L] cohort=stephenson cell_type=CD4+ T h5ad=data/cohorts/integrated/CD4p_T.h5ad
[extract-L] cells=480 donors=24
[extract-L] mode=fine-tuned (loco_onek1k_seed2_CD4p_T_e5b_r32_seed2.pt)
Loading weights:   0%|          | 0/197 [00:00<?, ?it/s]Loading weights: 100%|██████████| 197/197 [00:00<00:00, 3408.99it/s]
[transformers] [1mBertModel LOAD REPORT[0m from: save/Geneformer/Geneformer-V2-104M
Key                                        | Status     |  | 
-------------------------------------------+------------+--+-
cls.predictions.transform.LayerNorm.weight | UNEXPECTED |  | 
cls.predictions.transform.dense.weight     | UNEXPECTED |  | 
cls.predictions.transform.LayerNorm.bias   | UNEXPECTED |  | 
cls.predictions.bias                       | UNEXPECTED |  | 
cls.predictions.transform.dense.bias       | UNEXPECTED |  | 

Notes:
- UNEXPECTED:	can be ignored when loading from different task/architecture; not ok if you expect identical arch.
[extract-L] aggregated 24 donors × 13 layers × 768-dim in 48.6s
[extract-L] wrote results/phase3/embeddings_layered/stephenson_CD4p_T_loco_onek1k_CD4pT_e5b_r32_seed2_alllayers.npz (shape (13, 24, 768))
--- terekhova × CD4+ T × loco_onek1k_CD4pT_e5b_r32_seed2_alllayers ---
[extract-L] cohort=terekhova cell_type=CD4+ T h5ad=data/cohorts/integrated/CD4p_T.h5ad
[extract-L] cells=3320 donors=166
[extract-L] mode=fine-tuned (loco_onek1k_seed2_CD4p_T_e5b_r32_seed2.pt)
Loading weights:   0%|          | 0/197 [00:00<?, ?it/s]Loading weights: 100%|██████████| 197/197 [00:00<00:00, 3467.66it/s]
[transformers] [1mBertModel LOAD REPORT[0m from: save/Geneformer/Geneformer-V2-104M
Key                                        | Status     |  | 
-------------------------------------------+------------+--+-
cls.predictions.transform.LayerNorm.bias   | UNEXPECTED |  | 
cls.predictions.transform.dense.weight     | UNEXPECTED |  | 
cls.predictions.transform.dense.bias       | UNEXPECTED |  | 
cls.predictions.transform.LayerNorm.weight | UNEXPECTED |  | 
cls.predictions.bias                       | UNEXPECTED |  | 

Notes:
- UNEXPECTED:	can be ignored when loading from different task/architecture; not ok if you expect identical arch.
[extract-L] aggregated 166 donors × 13 layers × 768-dim in 327.0s
[extract-L] wrote results/phase3/embeddings_layered/terekhova_CD4p_T_loco_onek1k_CD4pT_e5b_r32_seed2_alllayers.npz (shape (13, 166, 768))
--- aida × CD4+ T × loco_onek1k_CD4pT_e5b_r32_seed2_alllayers ---
[extract-L] cohort=aida cell_type=CD4+ T h5ad=data/cohorts/aida_eval/CD4p_T.h5ad
[extract-L] cells=5848 donors=293
[extract-L] mode=fine-tuned (loco_onek1k_seed2_CD4p_T_e5b_r32_seed2.pt)
Loading weights:   0%|          | 0/197 [00:00<?, ?it/s]Loading weights: 100%|██████████| 197/197 [00:00<00:00, 3421.36it/s]
[transformers] [1mBertModel LOAD REPORT[0m from: save/Geneformer/Geneformer-V2-104M
Key                                        | Status     |  | 
-------------------------------------------+------------+--+-
cls.predictions.transform.dense.weight     | UNEXPECTED |  | 
cls.predictions.bias                       | UNEXPECTED |  | 
cls.predictions.transform.dense.bias       | UNEXPECTED |  | 
cls.predictions.transform.LayerNorm.bias   | UNEXPECTED |  | 
cls.predictions.transform.LayerNorm.weight | UNEXPECTED |  | 

Notes:
- UNEXPECTED:	can be ignored when loading from different task/architecture; not ok if you expect identical arch.
[extract-L] aggregated 293 donors × 13 layers × 768-dim in 416.8s
[extract-L] wrote results/phase3/embeddings_layered/aida_CD4p_T_loco_onek1k_CD4pT_e5b_r32_seed2_alllayers.npz (shape (13, 293, 768))
--- onek1k × CD4+ T × loco_onek1k_CD4pT_e5b_r32_seed2_alllayers ---
[extract-L] cohort=onek1k cell_type=CD4+ T h5ad=data/cohorts/integrated/CD4p_T.h5ad
[extract-L] cells=19620 donors=981
[extract-L] mode=fine-tuned (loco_onek1k_seed2_CD4p_T_e5b_r32_seed2.pt)
Loading weights:   0%|          | 0/197 [00:00<?, ?it/s]Loading weights: 100%|██████████| 197/197 [00:00<00:00, 3400.17it/s]
[transformers] [1mBertModel LOAD REPORT[0m from: save/Geneformer/Geneformer-V2-104M
Key                                        | Status     |  | 
-------------------------------------------+------------+--+-
cls.predictions.transform.LayerNorm.weight | UNEXPECTED |  | 
cls.predictions.bias                       | UNEXPECTED |  | 
cls.predictions.transform.dense.bias       | UNEXPECTED |  | 
cls.predictions.transform.LayerNorm.bias   | UNEXPECTED |  | 
cls.predictions.transform.dense.weight     | UNEXPECTED |  | 

Notes:
- UNEXPECTED:	can be ignored when loading from different task/architecture; not ok if you expect identical arch.
[extract-L] aggregated 981 donors × 13 layers × 768-dim in 1921.4s
[extract-L] wrote results/phase3/embeddings_layered/onek1k_CD4p_T_loco_onek1k_CD4pT_e5b_r32_seed2_alllayers.npz (shape (13, 981, 768))
=== D.21 seed 2 done ===
