
=== loco_terekhova × NK (eval=terekhova) ===
  [onek1k × NK] 91315 cells, 981 donors
  [stephenson × NK] 2836 cells, 29 donors
  [terekhova × NK] 16464 cells, 166 donors
  train: (1010, 5000), eval: (166, 5000)
/home/ubuntu/aging-lora/.venv/lib/python3.12/site-packages/sklearn/linear_model/_coordinate_descent.py:716: ConvergenceWarning: Objective did not converge. You might want to increase the number of iterations, check the scale of the features or consider increasing regularisation. Duality gap: 3.935e+01, tolerance: 1.846e+01
  model = cd_fast.enet_coordinate_descent(
/home/ubuntu/aging-lora/.venv/lib/python3.12/site-packages/sklearn/linear_model/_coordinate_descent.py:716: ConvergenceWarning: Objective did not converge. You might want to increase the number of iterations, check the scale of the features or consider increasing regularisation. Duality gap: 3.954e+01, tolerance: 1.971e+01
  model = cd_fast.enet_coordinate_descent(
/home/ubuntu/aging-lora/.venv/lib/python3.12/site-packages/sklearn/linear_model/_coordinate_descent.py:716: ConvergenceWarning: Objective did not converge. You might want to increase the number of iterations, check the scale of the features or consider increasing regularisation. Duality gap: 4.988e+01, tolerance: 1.846e+01
  model = cd_fast.enet_coordinate_descent(
/home/ubuntu/aging-lora/.venv/lib/python3.12/site-packages/sklearn/linear_model/_coordinate_descent.py:716: ConvergenceWarning: Objective did not converge. You might want to increase the number of iterations, check the scale of the features or consider increasing regularisation. Duality gap: 1.111e+02, tolerance: 1.903e+01
  model = cd_fast.enet_coordinate_descent(
/home/ubuntu/aging-lora/.venv/lib/python3.12/site-packages/sklearn/linear_model/_coordinate_descent.py:716: ConvergenceWarning: Objective did not converge. You might want to increase the number of iterations, check the scale of the features or consider increasing regularisation. Duality gap: 8.255e+01, tolerance: 1.971e+01
  model = cd_fast.enet_coordinate_descent(
/home/ubuntu/aging-lora/.venv/lib/python3.12/site-packages/sklearn/linear_model/_coordinate_descent.py:716: ConvergenceWarning: Objective did not converge. You might want to increase the number of iterations, check the scale of the features or consider increasing regularisation. Duality gap: 2.159e+01, tolerance: 1.846e+01
  model = cd_fast.enet_coordinate_descent(
/home/ubuntu/aging-lora/.venv/lib/python3.12/site-packages/sklearn/linear_model/_coordinate_descent.py:716: ConvergenceWarning: Objective did not converge. You might want to increase the number of iterations, check the scale of the features or consider increasing regularisation. Duality gap: 3.343e+01, tolerance: 1.903e+01
  model = cd_fast.enet_coordinate_descent(
/home/ubuntu/aging-lora/.venv/lib/python3.12/site-packages/sklearn/linear_model/_coordinate_descent.py:716: ConvergenceWarning: Objective did not converge. You might want to increase the number of iterations, check the scale of the features or consider increasing regularisation. Duality gap: 2.191e+01, tolerance: 1.903e+01
  model = cd_fast.enet_coordinate_descent(
/home/ubuntu/aging-lora/.venv/lib/python3.12/site-packages/sklearn/linear_model/_coordinate_descent.py:716: ConvergenceWarning: Objective did not converge. You might want to increase the number of iterations, check the scale of the features or consider increasing regularisation. Duality gap: 5.704e+01, tolerance: 1.971e+01
  model = cd_fast.enet_coordinate_descent(
/home/ubuntu/aging-lora/.venv/lib/python3.12/site-packages/sklearn/linear_model/_coordinate_descent.py:716: ConvergenceWarning: Objective did not converge. You might want to increase the number of iterations, check the scale of the features or consider increasing regularisation. Duality gap: 1.484e+02, tolerance: 1.971e+01
  model = cd_fast.enet_coordinate_descent(
/home/ubuntu/aging-lora/.venv/lib/python3.12/site-packages/sklearn/linear_model/_coordinate_descent.py:716: ConvergenceWarning: Objective did not converge. You might want to increase the number of iterations, check the scale of the features or consider increasing regularisation. Duality gap: 2.182e+01, tolerance: 1.903e+01
  model = cd_fast.enet_coordinate_descent(
/home/ubuntu/aging-lora/.venv/lib/python3.12/site-packages/sklearn/linear_model/_coordinate_descent.py:716: ConvergenceWarning: Objective did not converge. You might want to increase the number of iterations, check the scale of the features or consider increasing regularisation. Duality gap: 8.550e+01, tolerance: 1.971e+01
  model = cd_fast.enet_coordinate_descent(
/home/ubuntu/aging-lora/.venv/lib/python3.12/site-packages/sklearn/linear_model/_coordinate_descent.py:716: ConvergenceWarning: Objective did not converge. You might want to increase the number of iterations, check the scale of the features or consider increasing regularisation. Duality gap: 2.537e+01, tolerance: 1.971e+01
  model = cd_fast.enet_coordinate_descent(
/home/ubuntu/aging-lora/.venv/lib/python3.12/site-packages/sklearn/linear_model/_coordinate_descent.py:716: ConvergenceWarning: Objective did not converge. You might want to increase the number of iterations, check the scale of the features or consider increasing regularisation. Duality gap: 3.577e+01, tolerance: 1.971e+01
  model = cd_fast.enet_coordinate_descent(
/home/ubuntu/aging-lora/.venv/lib/python3.12/site-packages/sklearn/linear_model/_coordinate_descent.py:716: ConvergenceWarning: Objective did not converge. You might want to increase the number of iterations, check the scale of the features or consider increasing regularisation. Duality gap: 2.117e+01, tolerance: 1.971e+01
  model = cd_fast.enet_coordinate_descent(
  HOLDOUT  R=+0.422 (+0.293, +0.546)  MAE=12.95  alpha=1 l1_ratio=0.7 n_nonzero=228  (609s)
  [aida × NK] 29351 cells, 306 donors
  AIDA     R=+0.244 (+0.141, +0.347)  MAE=16.02

=== loco_terekhova × B (eval=terekhova) ===
  [onek1k × B] 84104 cells, 981 donors
  [stephenson × B] 2774 cells, 29 donors
  [terekhova × B] 16297 cells, 166 donors
  train: (1010, 5000), eval: (166, 5000)
/home/ubuntu/aging-lora/.venv/lib/python3.12/site-packages/sklearn/linear_model/_coordinate_descent.py:716: ConvergenceWarning: Objective did not converge. You might want to increase the number of iterations, check the scale of the features or consider increasing regularisation. Duality gap: 3.653e+01, tolerance: 1.846e+01
  model = cd_fast.enet_coordinate_descent(
/home/ubuntu/aging-lora/.venv/lib/python3.12/site-packages/sklearn/linear_model/_coordinate_descent.py:716: ConvergenceWarning: Objective did not converge. You might want to increase the number of iterations, check the scale of the features or consider increasing regularisation. Duality gap: 3.687e+01, tolerance: 1.903e+01
  model = cd_fast.enet_coordinate_descent(
/home/ubuntu/aging-lora/.venv/lib/python3.12/site-packages/sklearn/linear_model/_coordinate_descent.py:716: ConvergenceWarning: Objective did not converge. You might want to increase the number of iterations, check the scale of the features or consider increasing regularisation. Duality gap: 1.253e+02, tolerance: 1.846e+01
  model = cd_fast.enet_coordinate_descent(
/home/ubuntu/aging-lora/.venv/lib/python3.12/site-packages/sklearn/linear_model/_coordinate_descent.py:716: ConvergenceWarning: Objective did not converge. You might want to increase the number of iterations, check the scale of the features or consider increasing regularisation. Duality gap: 8.151e+01, tolerance: 1.971e+01
  model = cd_fast.enet_coordinate_descent(
/home/ubuntu/aging-lora/.venv/lib/python3.12/site-packages/sklearn/linear_model/_coordinate_descent.py:716: ConvergenceWarning: Objective did not converge. You might want to increase the number of iterations, check the scale of the features or consider increasing regularisation. Duality gap: 1.543e+02, tolerance: 1.846e+01
  model = cd_fast.enet_coordinate_descent(
/home/ubuntu/aging-lora/.venv/lib/python3.12/site-packages/sklearn/linear_model/_coordinate_descent.py:716: ConvergenceWarning: Objective did not converge. You might want to increase the number of iterations, check the scale of the features or consider increasing regularisation. Duality gap: 9.947e+01, tolerance: 1.903e+01
  model = cd_fast.enet_coordinate_descent(
/home/ubuntu/aging-lora/.venv/lib/python3.12/site-packages/sklearn/linear_model/_coordinate_descent.py:716: ConvergenceWarning: Objective did not converge. You might want to increase the number of iterations, check the scale of the features or consider increasing regularisation. Duality gap: 3.505e+01, tolerance: 1.846e+01
  model = cd_fast.enet_coordinate_descent(
/home/ubuntu/aging-lora/.venv/lib/python3.12/site-packages/sklearn/linear_model/_coordinate_descent.py:716: ConvergenceWarning: Objective did not converge. You might want to increase the number of iterations, check the scale of the features or consider increasing regularisation. Duality gap: 5.902e+01, tolerance: 1.846e+01
  model = cd_fast.enet_coordinate_descent(
/home/ubuntu/aging-lora/.venv/lib/python3.12/site-packages/sklearn/linear_model/_coordinate_descent.py:716: ConvergenceWarning: Objective did not converge. You might want to increase the number of iterations, check the scale of the features or consider increasing regularisation. Duality gap: 5.487e+01, tolerance: 1.903e+01
  model = cd_fast.enet_coordinate_descent(
/home/ubuntu/aging-lora/.venv/lib/python3.12/site-packages/sklearn/linear_model/_coordinate_descent.py:716: ConvergenceWarning: Objective did not converge. You might want to increase the number of iterations, check the scale of the features or consider increasing regularisation. Duality gap: 5.607e+01, tolerance: 1.971e+01
  model = cd_fast.enet_coordinate_descent(
/home/ubuntu/aging-lora/.venv/lib/python3.12/site-packages/sklearn/linear_model/_coordinate_descent.py:716: ConvergenceWarning: Objective did not converge. You might want to increase the number of iterations, check the scale of the features or consider increasing regularisation. Duality gap: 5.351e+01, tolerance: 1.846e+01
  model = cd_fast.enet_coordinate_descent(
/home/ubuntu/aging-lora/.venv/lib/python3.12/site-packages/sklearn/linear_model/_coordinate_descent.py:716: ConvergenceWarning: Objective did not converge. You might want to increase the number of iterations, check the scale of the features or consider increasing regularisation. Duality gap: 4.041e+01, tolerance: 1.971e+01
  model = cd_fast.enet_coordinate_descent(
  HOLDOUT  R=+0.321 (+0.187, +0.440)  MAE=15.07  alpha=1 l1_ratio=0.3 n_nonzero=1010  (328s)
  [aida × B] 25621 cells, 307 donors
  AIDA     R=+0.168 (+0.055, +0.273)  MAE=16.51

[gene-EN-extra] appended 4 rows; total 13 rows in results/baselines/gene_en_matched_splits.csv

          fold eval_cohort cell_type  n_train_donors  n_eval_donors  pearson_r  pearson_ci_lo  pearson_ci_hi     mae_y  n_nonzero_genes
loco_terekhova   terekhova        NK            1010            166   0.421558       0.292685       0.546008 12.951206              228
loco_terekhova        aida        NK            1010            306   0.244407       0.141489       0.347431 16.016895              228
loco_terekhova   terekhova         B            1010            166   0.320989       0.187439       0.439623 15.070890             1010
loco_terekhova        aida         B            1010            307   0.168268       0.054665       0.273222 16.514290             1010
